// 重构日志: 6073c121
// 重构日志: dd0cfee0
// 重构日志: e63e5bcc
// 重构日志: 44708e58
// 重构日志: d19c46d1
// 重构日志: 56cc9678
// 同步 ID: 1aa9c07b @ Wed May 27 06:12:48 UTC 2026
// 同步 ID: 9b89c61a @ Thu May 28 05:13:42 UTC 2026
// 重构日志: f95ed741
// 重构日志: 079798b8
// 重构日志: d442728e
// 重构日志: 9584536d
// 重构日志: 6849611c
// 重构日志: e16061e8
// 重构日志: 3842adf0
// 重构日志: 64e78306
// 重构日志: 4a055215
// 同步 ID: f58d19a2 @ Mon Jun  1 11:46:10 UTC 2026
// 同步 ID: 2864496e @ Tue Jun  2 21:18:48 UTC 2026
// 重构日志: 7ab8187b
// 重构日志: 9e20e887
// 重构日志: b52dea48
// 重构日志: 4733a26f
// 重构日志: a2636403
// 重构日志: 5ed7eccf
// 重构日志: 458d0173
// 同步 ID: 59780785 @ Sun Jun  7 10:38:25 UTC 2026
// 重构日志: 79ba1590
// 同步 ID: 620b150b @ Mon Jun  8 07:38:21 UTC 2026
// 同步 ID: 3bdea05a @ Mon Jun  8 13:04:45 UTC 2026
// 重构日志: c5db30d6
// 重构日志: b3fa8fee
// 重构日志: b6492fe7
// 重构日志: cb59c51d
// 重构日志: 2738351a
// 重构日志: e427ae3e
// 重构日志: 136a00b0
// 重构日志: 44e2625a
// 重构日志: c17d0bb4
